<?xml version="1.0" encoding="UTF-8"?>
<testsuite xmlns:xsi="http://www.w3.org/2001/XMLSchema-instance" xsi:noNamespaceSchemaLocation="https://maven.apache.org/surefire/maven-surefire-plugin/xsd/surefire-test-report-3.0.xsd" version="3.0" name="io.fluenthealth.gravitee.policy.tokenexchange.OAuth2TokenOrchestratorPolicyTest" time="1.36" tests="2" errors="0" skipped="0" failures="0">
  <properties>
[...]
</properties>
  <testcase name="shouldPerformExchangeOnCacheMiss" classname="io.fluenthealth.gravitee.policy.tokenexchange.OAuth2TokenOrchestratorPolicyTest" time="1.32">
    <system-err><![CDATA[WARNING: A Java agent has been loaded dynamically (/home/ivan/.m2/repository/net/bytebuddy/byte-buddy-agent/1.14.12/byte-buddy-agent-1.14.12.jar)
WARNING: If a serviceability tool is in use, please run with -XX:+EnableDynamicAgentLoading to hide this warning
WARNING: If a serviceability tool is not in use, please run with -Djdk.instrument.traceUsage for more information
WARNING: Dynamic loading of agents will be disallowed by default in a future release
SLF4J: Failed to load class "org.slf4j.impl.StaticLoggerBinder".
SLF4J: Defaulting to no-operation (NOP) logger implementation
SLF4J: See http://www.slf4j.org/codes.html#StaticLoggerBinder for further details.
]]></system-err>
  </testcase>
  <testcase name="shouldFailIfCacheResourceNotFound" classname="io.fluenthealth.gravitee.policy.tokenexchange.OAuth2TokenOrchestratorPolicyTest" time="0.006"/>
</testsuite>